  [1m[35m (646.6ms)[0m  [1m[35mCREATE DATABASE "ReduxTodos_development" ENCODING = 'unicode'[0m
  ↳ bin/rails:9
  [1m[35m (307.2ms)[0m  [1m[35mCREATE DATABASE "ReduxTodos_test" ENCODING = 'unicode'[0m
  ↳ bin/rails:9
  [1m[35m (125.5ms)[0m  [1m[35mCREATE TABLE "schema_migrations" ("version" character varying NOT NULL PRIMARY KEY)[0m
  ↳ bin/rails:9
  [1m[35m (23.6ms)[0m  [1m[35mCREATE TABLE "ar_internal_metadata" ("key" character varying NOT NULL PRIMARY KEY, "value" character varying, "created_at" timestamp NOT NULL, "updated_at" timestamp NOT NULL)[0m
  ↳ bin/rails:9
  [1m[35m (3.9ms)[0m  [1m[34mSELECT pg_try_advisory_lock(4836330516492278055)[0m
  ↳ bin/rails:9
  [1m[35m (6.8ms)[0m  [1m[34mSELECT "schema_migrations"."version" FROM "schema_migrations" ORDER BY "schema_migrations"."version" ASC[0m
  ↳ bin/rails:9
Migrating to CreateTodos (20201130225149)
  [1m[35m (0.3ms)[0m  [1m[35mBEGIN[0m
  ↳ bin/rails:9
  [1m[35m (55.0ms)[0m  [1m[35mCREATE TABLE "todos" ("id" bigserial primary key, "title" character varying, "body" character varying, "done" boolean DEFAULT FALSE, "created_at" timestamp NOT NULL, "updated_at" timestamp NOT NULL)[0m
  ↳ db/migrate/20201130225149_create_todos.rb:3
  [1m[35m (4.0ms)[0m  [1m[35mCREATE  INDEX  "index_todos_on_title" ON "todos"  ("title")[0m
  ↳ db/migrate/20201130225149_create_todos.rb:11
  [1m[36mActiveRecord::SchemaMigration Create (13.8ms)[0m  [1m[32mINSERT INTO "schema_migrations" ("version") VALUES ($1) RETURNING "version"[0m  [["version", "20201130225149"]]
  ↳ bin/rails:9
  [1m[35m (3.0ms)[0m  [1m[35mCOMMIT[0m
  ↳ bin/rails:9
  [1m[36mActiveRecord::InternalMetadata Load (0.8ms)[0m  [1m[34mSELECT  "ar_internal_metadata".* FROM "ar_internal_metadata" WHERE "ar_internal_metadata"."key" = $1 LIMIT $2[0m  [["key", "environment"], ["LIMIT", 1]]
  ↳ bin/rails:9
  [1m[35m (0.2ms)[0m  [1m[35mBEGIN[0m
  ↳ bin/rails:9
  [1m[36mActiveRecord::InternalMetadata Create (4.0ms)[0m  [1m[32mINSERT INTO "ar_internal_metadata" ("key", "value", "created_at", "updated_at") VALUES ($1, $2, $3, $4) RETURNING "key"[0m  [["key", "environment"], ["value", "development"], ["created_at", "2020-11-30 22:56:24.026304"], ["updated_at", "2020-11-30 22:56:24.026304"]]
  ↳ bin/rails:9
  [1m[35m (2.6ms)[0m  [1m[35mCOMMIT[0m
  ↳ bin/rails:9
  [1m[35m (0.5ms)[0m  [1m[34mSELECT pg_advisory_unlock(4836330516492278055)[0m
  ↳ bin/rails:9
  [1m[35m (0.5ms)[0m  [1m[34mSELECT "schema_migrations"."version" FROM "schema_migrations" ORDER BY "schema_migrations"."version" ASC[0m
  ↳ bin/rails:9
  [1m[35m (5.0ms)[0m  [1m[34mSELECT "schema_migrations"."version" FROM "schema_migrations" ORDER BY "schema_migrations"."version" ASC[0m
  ↳ bin/rails:9
  [1m[35m (1.3ms)[0m  [1m[34mSELECT "schema_migrations"."version" FROM "schema_migrations" ORDER BY "schema_migrations"."version" ASC[0m
  ↳ bin/rails:9
  [1m[36mTodo Load (11.5ms)[0m  [1m[34mSELECT "todos".* FROM "todos"[0m
  ↳ db/seeds.rb:9
  [1m[35m (0.3ms)[0m  [1m[35mBEGIN[0m
  ↳ db/seeds.rb:13
  [1m[36mTodo Create (5.6ms)[0m  [1m[32mINSERT INTO "todos" ("title", "body", "created_at", "updated_at") VALUES ($1, $2, $3, $4) RETURNING "id"[0m  [["title", "Beth's Mytholog"], ["body", "You're our boy dog, don't even trip."], ["created_at", "2020-11-30 23:08:23.347226"], ["updated_at", "2020-11-30 23:08:23.347226"]]
  ↳ db/seeds.rb:13
  [1m[35m (24.9ms)[0m  [1m[35mCOMMIT[0m
  ↳ db/seeds.rb:13
  [1m[35m (0.3ms)[0m  [1m[35mBEGIN[0m
  ↳ db/seeds.rb:13
  [1m[36mTodo Create (7.5ms)[0m  [1m[32mINSERT INTO "todos" ("title", "body", "created_at", "updated_at") VALUES ($1, $2, $3, $4) RETURNING "id"[0m  [["title", "Gazorpazorpfield"], ["body", "Meeseeks are not born into this world fumbling for meaning, Jerry! We are created to serve a single purpose, for which we go to any lengths to fulfill."], ["created_at", "2020-11-30 23:08:23.383128"], ["updated_at", "2020-11-30 23:08:23.383128"]]
  ↳ db/seeds.rb:13
  [1m[35m (16.2ms)[0m  [1m[35mCOMMIT[0m
  ↳ db/seeds.rb:13
  [1m[35m (0.5ms)[0m  [1m[35mBEGIN[0m
  ↳ db/seeds.rb:13
  [1m[36mTodo Create (1.4ms)[0m  [1m[32mINSERT INTO "todos" ("title", "body", "created_at", "updated_at") VALUES ($1, $2, $3, $4) RETURNING "id"[0m  [["title", "King Jellybean"], ["body", "Snuffles was my slave name, you can call me snowball because my fur is pretty and white."], ["created_at", "2020-11-30 23:08:23.412481"], ["updated_at", "2020-11-30 23:08:23.412481"]]
  ↳ db/seeds.rb:13
  [1m[35m (6.5ms)[0m  [1m[35mCOMMIT[0m
  ↳ db/seeds.rb:13
  [1m[35m (0.3ms)[0m  [1m[35mBEGIN[0m
  ↳ db/seeds.rb:13
  [1m[36mTodo Create (1.0ms)[0m  [1m[32mINSERT INTO "todos" ("title", "body", "done", "created_at", "updated_at") VALUES ($1, $2, $3, $4, $5) RETURNING "id"[0m  [["title", "Lighthouse Chief"], ["body", "Ohh yea, you gotta get schwifty."], ["done", true], ["created_at", "2020-11-30 23:08:23.427644"], ["updated_at", "2020-11-30 23:08:23.427644"]]
  ↳ db/seeds.rb:13
  [1m[35m (6.0ms)[0m  [1m[35mCOMMIT[0m
  ↳ db/seeds.rb:13
  [1m[35m (0.2ms)[0m  [1m[35mBEGIN[0m
  ↳ db/seeds.rb:13
  [1m[36mTodo Create (2.9ms)[0m  [1m[32mINSERT INTO "todos" ("title", "body", "created_at", "updated_at") VALUES ($1, $2, $3, $4) RETURNING "id"[0m  [["title", "Scary Terry"], ["body", "This isn't Game of Thrones, Morty."], ["created_at", "2020-11-30 23:08:23.439012"], ["updated_at", "2020-11-30 23:08:23.439012"]]
  ↳ db/seeds.rb:13
  [1m[35m (5.6ms)[0m  [1m[35mCOMMIT[0m
  ↳ db/seeds.rb:13
  [1m[35m (0.2ms)[0m  [1m[35mBEGIN[0m
  ↳ db/seeds.rb:13
  [1m[36mTodo Create (0.7ms)[0m  [1m[32mINSERT INTO "todos" ("title", "body", "done", "created_at", "updated_at") VALUES ($1, $2, $3, $4, $5) RETURNING "id"[0m  [["title", "Jessica"], ["body", "Oh Summer, haha first race war, huh?"], ["done", true], ["created_at", "2020-11-30 23:08:23.452744"], ["updated_at", "2020-11-30 23:08:23.452744"]]
  ↳ db/seeds.rb:13
  [1m[35m (33.8ms)[0m  [1m[35mCOMMIT[0m
  ↳ db/seeds.rb:13
  [1m[35m (1.1ms)[0m  [1m[35mBEGIN[0m
  ↳ db/seeds.rb:13
  [1m[36mTodo Create (1.2ms)[0m  [1m[32mINSERT INTO "todos" ("title", "body", "created_at", "updated_at") VALUES ($1, $2, $3, $4) RETURNING "id"[0m  [["title", "Mr. Goldenfold"], ["body", "Oh yeah, If you think my Rick is Dead, then he is alive. If you think you're safe, then he's coming for you."], ["created_at", "2020-11-30 23:08:23.494508"], ["updated_at", "2020-11-30 23:08:23.494508"]]
  ↳ db/seeds.rb:13
  [1m[35m (6.4ms)[0m  [1m[35mCOMMIT[0m
  ↳ db/seeds.rb:13
  [1m[35m (0.4ms)[0m  [1m[35mBEGIN[0m
  ↳ db/seeds.rb:13
  [1m[36mTodo Create (0.8ms)[0m  [1m[32mINSERT INTO "todos" ("title", "body", "created_at", "updated_at") VALUES ($1, $2, $3, $4) RETURNING "id"[0m  [["title", "Abradolf Lincler"], ["body", "Pluto's a planet."], ["created_at", "2020-11-30 23:08:23.514209"], ["updated_at", "2020-11-30 23:08:23.514209"]]
  ↳ db/seeds.rb:13
  [1m[35m (10.9ms)[0m  [1m[35mCOMMIT[0m
  ↳ db/seeds.rb:13
  [1m[35m (0.3ms)[0m  [1m[35mBEGIN[0m
  ↳ db/seeds.rb:13
  [1m[36mTodo Create (0.8ms)[0m  [1m[32mINSERT INTO "todos" ("title", "body", "created_at", "updated_at") VALUES ($1, $2, $3, $4) RETURNING "id"[0m  [["title", "Mr. Needful"], ["body", "Snuffles was my slave name, you can call me snowball because my fur is pretty and white."], ["created_at", "2020-11-30 23:08:23.529774"], ["updated_at", "2020-11-30 23:08:23.529774"]]
  ↳ db/seeds.rb:13
  [1m[35m (2.2ms)[0m  [1m[35mCOMMIT[0m
  ↳ db/seeds.rb:13
  [1m[35m (0.2ms)[0m  [1m[35mBEGIN[0m
  ↳ db/seeds.rb:13
  [1m[36mTodo Create (0.8ms)[0m  [1m[32mINSERT INTO "todos" ("title", "body", "created_at", "updated_at") VALUES ($1, $2, $3, $4) RETURNING "id"[0m  [["title", "Revolio 'Gearhead' Clockberg, Jr."], ["body", "Uncertainty is inherently unsustainable. Eventually, everything either is or isn't."], ["created_at", "2020-11-30 23:08:23.536442"], ["updated_at", "2020-11-30 23:08:23.536442"]]
  ↳ db/seeds.rb:13
  [1m[35m (6.6ms)[0m  [1m[35mCOMMIT[0m
  ↳ db/seeds.rb:13
  [1m[36mTodo Load (4.2ms)[0m  [1m[34mSELECT "todos".* FROM "todos"[0m
Started GET "/" for ::1 at 2020-11-30 15:38:21 -0800
  [1m[35m (10.2ms)[0m  [1m[34mSELECT "schema_migrations"."version" FROM "schema_migrations" ORDER BY "schema_migrations"."version" ASC[0m
  ↳ /Users/camerontanjoco/.rbenv/versions/2.5.1/lib/ruby/gems/2.5.0/gems/activerecord-5.2.4.4/lib/active_record/log_subscriber.rb:98
Processing by Rails::WelcomeController#index as HTML
  Rendering /Users/camerontanjoco/.rbenv/versions/2.5.1/lib/ruby/gems/2.5.0/gems/railties-5.2.4.4/lib/rails/templates/rails/welcome/index.html.erb
  Rendered /Users/camerontanjoco/.rbenv/versions/2.5.1/lib/ruby/gems/2.5.0/gems/railties-5.2.4.4/lib/rails/templates/rails/welcome/index.html.erb (8.4ms)
Completed 200 OK in 43ms (Views: 27.2ms | ActiveRecord: 0.0ms)


Started GET "/" for 127.0.0.1 at 2020-11-30 15:41:26 -0800
  [1m[35m (1.8ms)[0m  [1m[34mSELECT "schema_migrations"."version" FROM "schema_migrations" ORDER BY "schema_migrations"."version" ASC[0m
  ↳ /Users/camerontanjoco/.rbenv/versions/2.5.1/lib/ruby/gems/2.5.0/gems/activerecord-5.2.4.4/lib/active_record/log_subscriber.rb:98
Processing by Rails::WelcomeController#index as HTML
  Rendering /Users/camerontanjoco/.rbenv/versions/2.5.1/lib/ruby/gems/2.5.0/gems/railties-5.2.4.4/lib/rails/templates/rails/welcome/index.html.erb
  Rendered /Users/camerontanjoco/.rbenv/versions/2.5.1/lib/ruby/gems/2.5.0/gems/railties-5.2.4.4/lib/rails/templates/rails/welcome/index.html.erb (9.0ms)
Completed 200 OK in 43ms (Views: 34.8ms | ActiveRecord: 0.0ms)


Started GET "/api/todos" for 127.0.0.1 at 2020-11-30 15:41:49 -0800

LoadError - Unable to autoload constant Api::TodosController, expected /Users/camerontanjoco/Development/AppAcademy/wk11/d1/ReduxTodos/app/controllers/api/todos_controller.rb to define it:

Started POST "/__better_errors/937ef57ae7a6505f/variables" for 127.0.0.1 at 2020-11-30 15:41:49 -0800
Started GET "/api/todos" for 127.0.0.1 at 2020-11-30 16:00:45 -0800

LoadError - Unable to autoload constant Api::TodosController, expected /Users/camerontanjoco/Development/AppAcademy/wk11/d1/ReduxTodos/app/controllers/api/todos_controller.rb to define it:

Started POST "/__better_errors/4e33d5cb6c8db202/variables" for 127.0.0.1 at 2020-11-30 16:00:46 -0800
Started GET "/" for 127.0.0.1 at 2020-11-30 16:02:28 -0800
Processing by Rails::WelcomeController#index as HTML
  Rendering /Users/camerontanjoco/.rbenv/versions/2.5.1/lib/ruby/gems/2.5.0/gems/railties-5.2.4.4/lib/rails/templates/rails/welcome/index.html.erb
  Rendered /Users/camerontanjoco/.rbenv/versions/2.5.1/lib/ruby/gems/2.5.0/gems/railties-5.2.4.4/lib/rails/templates/rails/welcome/index.html.erb (22.5ms)
Completed 200 OK in 43ms (Views: 33.3ms | ActiveRecord: 0.0ms)


Started GET "/" for ::1 at 2020-11-30 16:05:00 -0800

NameError - undefined local variable or method `json' for #<ActionDispatch::Routing::Mapper:0x00007f8ff364ad18>
Did you mean?  JSON:
  config/routes.rb:5:in `block (2 levels) in <top (required)>'
  config/routes.rb:4:in `block in <top (required)>'
  config/routes.rb:1:in `<top (required)>'

Started POST "/__better_errors/100f27e4f8c38eae/variables" for ::1 at 2020-11-30 16:05:01 -0800
Started GET "/" for ::1 at 2020-11-30 16:06:30 -0800
Processing by Rails::WelcomeController#index as HTML
  Rendering /Users/camerontanjoco/.rbenv/versions/2.5.1/lib/ruby/gems/2.5.0/gems/railties-5.2.4.4/lib/rails/templates/rails/welcome/index.html.erb
  Rendered /Users/camerontanjoco/.rbenv/versions/2.5.1/lib/ruby/gems/2.5.0/gems/railties-5.2.4.4/lib/rails/templates/rails/welcome/index.html.erb (7.5ms)
Completed 200 OK in 36ms (Views: 20.6ms | ActiveRecord: 0.0ms)


Started GET "/" for 127.0.0.1 at 2020-11-30 16:07:06 -0800
Processing by Rails::WelcomeController#index as HTML
  Rendering /Users/camerontanjoco/.rbenv/versions/2.5.1/lib/ruby/gems/2.5.0/gems/railties-5.2.4.4/lib/rails/templates/rails/welcome/index.html.erb
  Rendered /Users/camerontanjoco/.rbenv/versions/2.5.1/lib/ruby/gems/2.5.0/gems/railties-5.2.4.4/lib/rails/templates/rails/welcome/index.html.erb (4.6ms)
Completed 200 OK in 26ms (Views: 12.3ms | ActiveRecord: 0.0ms)


Started GET "/api/todos" for ::1 at 2020-11-30 16:07:12 -0800

TypeError - superclass mismatch for class TodosController:
  app/controllers/api/todos_controller.rb:1:in `<top (required)>'

Started POST "/__better_errors/3833089a7cf6a865/variables" for ::1 at 2020-11-30 16:07:12 -0800
Started GET "/" for 127.0.0.1 at 2020-11-30 16:07:49 -0800
Processing by Rails::WelcomeController#index as HTML
  Rendering /Users/camerontanjoco/.rbenv/versions/2.5.1/lib/ruby/gems/2.5.0/gems/railties-5.2.4.4/lib/rails/templates/rails/welcome/index.html.erb
  Rendered /Users/camerontanjoco/.rbenv/versions/2.5.1/lib/ruby/gems/2.5.0/gems/railties-5.2.4.4/lib/rails/templates/rails/welcome/index.html.erb (8.5ms)
Completed 200 OK in 30ms (Views: 17.4ms | ActiveRecord: 0.0ms)


Started GET "/api/todos" for 127.0.0.1 at 2020-11-30 16:07:59 -0800

TypeError - superclass mismatch for class TodosController:
  app/controllers/api/todos_controller.rb:1:in `<top (required)>'

Started POST "/__better_errors/a7691e928d2db5a6/variables" for 127.0.0.1 at 2020-11-30 16:07:59 -0800
Started GET "/api/todos" for 127.0.0.1 at 2020-11-30 16:09:32 -0800

TypeError - superclass mismatch for class TodosController:
  app/controllers/api/todos_controller.rb:3:in `<top (required)>'

Started POST "/__better_errors/b6b6dc3e109372c5/variables" for 127.0.0.1 at 2020-11-30 16:09:33 -0800
Started GET "/api/todos" for 127.0.0.1 at 2020-11-30 16:09:36 -0800

TypeError - superclass mismatch for class TodosController:
  app/controllers/api/todos_controller.rb:3:in `<top (required)>'

Started POST "/__better_errors/baab82a38778392f/variables" for 127.0.0.1 at 2020-11-30 16:09:37 -0800
Started GET "/api/todos" for ::1 at 2020-11-30 16:09:44 -0800

TypeError - superclass mismatch for class TodosController:
  app/controllers/api/todos_controller.rb:3:in `<top (required)>'

Started POST "/__better_errors/7e2bfa02bc30581f/variables" for ::1 at 2020-11-30 16:09:45 -0800
Started GET "/api/todos" for 127.0.0.1 at 2020-11-30 16:09:47 -0800

TypeError - superclass mismatch for class TodosController:
  app/controllers/api/todos_controller.rb:3:in `<top (required)>'

Started POST "/__better_errors/a1f26eabf0eab375/variables" for 127.0.0.1 at 2020-11-30 16:09:49 -0800
Started GET "/api/todos" for 127.0.0.1 at 2020-11-30 16:09:52 -0800

TypeError - superclass mismatch for class TodosController:
  app/controllers/api/todos_controller.rb:3:in `<top (required)>'

Started POST "/__better_errors/b0d04e2535c8a542/variables" for 127.0.0.1 at 2020-11-30 16:09:52 -0800
Started GET "/api/todos" for ::1 at 2020-11-30 16:09:53 -0800

TypeError - superclass mismatch for class TodosController:
  app/controllers/api/todos_controller.rb:3:in `<top (required)>'

Started POST "/__better_errors/cdf9d5e86768cb6a/variables" for ::1 at 2020-11-30 16:09:53 -0800
Started GET "/api/todos" for 127.0.0.1 at 2020-11-30 16:10:29 -0800

TypeError - superclass mismatch for class TodosController:
  app/controllers/api/todos_controller.rb:2:in `<top (required)>'

Started POST "/__better_errors/06a1bf5af89af44c/variables" for 127.0.0.1 at 2020-11-30 16:10:30 -0800
Started GET "/api/todos" for 127.0.0.1 at 2020-11-30 16:10:33 -0800

TypeError - superclass mismatch for class TodosController:
  app/controllers/api/todos_controller.rb:2:in `<top (required)>'

Started POST "/__better_errors/c683ab9f7aed1517/variables" for 127.0.0.1 at 2020-11-30 16:10:33 -0800
Started GET "/api/todos" for ::1 at 2020-11-30 16:10:34 -0800

TypeError - superclass mismatch for class TodosController:
  app/controllers/api/todos_controller.rb:2:in `<top (required)>'

Started POST "/__better_errors/00e6ac777b2f7a85/variables" for ::1 at 2020-11-30 16:10:34 -0800
Started GET "/api/todos" for 127.0.0.1 at 2020-11-30 16:12:11 -0800

TypeError - superclass mismatch for class TodosController:
  app/controllers/api/todos_controller.rb:2:in `<top (required)>'

Started POST "/__better_errors/2d0698fbe3ce83ba/variables" for 127.0.0.1 at 2020-11-30 16:12:12 -0800
Started GET "/api/todos" for 127.0.0.1 at 2020-11-30 16:12:47 -0800

LoadError - Unable to autoload constant Api::ApplicationController, expected /Users/camerontanjoco/Development/AppAcademy/wk11/d1/ReduxTodos/app/controllers/api/application_controller.rb to define it:
  app/controllers/api/todos_controller.rb:2:in `<top (required)>'

Started POST "/__better_errors/55e7f7b01b452184/variables" for 127.0.0.1 at 2020-11-30 16:12:47 -0800
Started GET "/api/todos" for ::1 at 2020-11-30 16:12:55 -0800

LoadError - Unable to autoload constant Api::ApplicationController, expected /Users/camerontanjoco/Development/AppAcademy/wk11/d1/ReduxTodos/app/controllers/api/application_controller.rb to define it:
  app/controllers/api/todos_controller.rb:2:in `<top (required)>'

Started POST "/__better_errors/b7013afa2a521897/variables" for ::1 at 2020-11-30 16:12:55 -0800
Started GET "/api/todos" for 127.0.0.1 at 2020-11-30 16:13:00 -0800

TypeError - superclass mismatch for class TodosController:
  app/controllers/api/todos_controller.rb:2:in `<top (required)>'

Started POST "/__better_errors/f38d342defb26250/variables" for 127.0.0.1 at 2020-11-30 16:13:01 -0800
Started GET "/api/todos" for ::1 at 2020-11-30 16:13:16 -0800

TypeError - superclass mismatch for class TodosController:
  app/controllers/api/todos_controller.rb:2:in `<top (required)>'

Started POST "/__better_errors/d93adf0df10ff333/variables" for ::1 at 2020-11-30 16:13:16 -0800
Started GET "/api/todos" for ::1 at 2020-11-30 16:18:52 -0800

TypeError - superclass mismatch for class TodosController:
  app/controllers/api/todos_controller.rb:2:in `<top (required)>'

Started POST "/__better_errors/ea89dca8cf59aec2/variables" for ::1 at 2020-11-30 16:18:53 -0800
Started GET "/api/todos" for 127.0.0.1 at 2020-11-30 16:19:13 -0800

TypeError - superclass mismatch for class TodosController:
  app/controllers/api/todos_controller.rb:2:in `<top (required)>'

Started POST "/__better_errors/2c630f39c313b92a/variables" for 127.0.0.1 at 2020-11-30 16:19:13 -0800
Started GET "/api/todos" for ::1 at 2020-11-30 16:19:16 -0800

TypeError - superclass mismatch for class TodosController:
  app/controllers/api/todos_controller.rb:2:in `<top (required)>'

Started POST "/__better_errors/6bfa5d65323ff48c/variables" for ::1 at 2020-11-30 16:19:16 -0800
Started GET "/api/todos" for ::1 at 2020-11-30 16:20:32 -0800
Processing by Api::TodosController#index as JSON
  [1m[36mTodo Load (77.3ms)[0m  [1m[34mSELECT "todos".* FROM "todos"[0m
  ↳ app/controllers/api/todos_controller.rb:9
Completed 200 OK in 364ms (Views: 80.7ms | ActiveRecord: 251.3ms)


Started GET "/api/todos" for 127.0.0.1 at 2020-11-30 16:20:43 -0800
Processing by Api::TodosController#index as JSON
  [1m[36mTodo Load (0.6ms)[0m  [1m[34mSELECT "todos".* FROM "todos"[0m
  ↳ app/controllers/api/todos_controller.rb:9
Completed 200 OK in 34ms (Views: 12.4ms | ActiveRecord: 10.8ms)


Started GET "/api/todos" for 127.0.0.1 at 2020-11-30 16:21:18 -0800
Processing by Api::TodosController#index as JSON
  [1m[36mTodo Load (0.5ms)[0m  [1m[34mSELECT "todos".* FROM "todos"[0m
  ↳ app/controllers/api/todos_controller.rb:9
Completed 200 OK in 5ms (Views: 4.7ms | ActiveRecord: 0.5ms)


Started GET "/" for 127.0.0.1 at 2020-11-30 16:22:04 -0800
Processing by Rails::WelcomeController#index as HTML
  Rendering /Users/camerontanjoco/.rbenv/versions/2.5.1/lib/ruby/gems/2.5.0/gems/railties-5.2.4.4/lib/rails/templates/rails/welcome/index.html.erb
  Rendered /Users/camerontanjoco/.rbenv/versions/2.5.1/lib/ruby/gems/2.5.0/gems/railties-5.2.4.4/lib/rails/templates/rails/welcome/index.html.erb (8.2ms)
Completed 200 OK in 25ms (Views: 14.9ms | ActiveRecord: 0.0ms)


Started GET "/todos" for 127.0.0.1 at 2020-11-30 16:22:14 -0800
  
ActionController::RoutingError (No route matches [GET] "/todos"):
  
actionpack (5.2.4.4) lib/action_dispatch/middleware/debug_exceptions.rb:65:in `call'
web-console (3.7.0) lib/web_console/middleware.rb:135:in `call_app'
web-console (3.7.0) lib/web_console/middleware.rb:30:in `block in call'
web-console (3.7.0) lib/web_console/middleware.rb:20:in `catch'
web-console (3.7.0) lib/web_console/middleware.rb:20:in `call'
actionpack (5.2.4.4) lib/action_dispatch/middleware/show_exceptions.rb:33:in `call'
railties (5.2.4.4) lib/rails/rack/logger.rb:38:in `call_app'
railties (5.2.4.4) lib/rails/rack/logger.rb:26:in `block in call'
activesupport (5.2.4.4) lib/active_support/tagged_logging.rb:71:in `block in tagged'
activesupport (5.2.4.4) lib/active_support/tagged_logging.rb:28:in `tagged'
activesupport (5.2.4.4) lib/active_support/tagged_logging.rb:71:in `tagged'
railties (5.2.4.4) lib/rails/rack/logger.rb:26:in `call'
sprockets-rails (3.2.2) lib/sprockets/rails/quiet_assets.rb:13:in `call'
actionpack (5.2.4.4) lib/action_dispatch/middleware/remote_ip.rb:81:in `call'
actionpack (5.2.4.4) lib/action_dispatch/middleware/request_id.rb:27:in `call'
rack (2.2.3) lib/rack/method_override.rb:24:in `call'
rack (2.2.3) lib/rack/runtime.rb:22:in `call'
activesupport (5.2.4.4) lib/active_support/cache/strategy/local_cache_middleware.rb:29:in `call'
actionpack (5.2.4.4) lib/action_dispatch/middleware/executor.rb:14:in `call'
actionpack (5.2.4.4) lib/action_dispatch/middleware/static.rb:127:in `call'
rack (2.2.3) lib/rack/sendfile.rb:110:in `call'
railties (5.2.4.4) lib/rails/engine.rb:524:in `call'
puma (3.12.6) lib/puma/configuration.rb:227:in `call'
puma (3.12.6) lib/puma/server.rb:706:in `handle_request'
puma (3.12.6) lib/puma/server.rb:476:in `process_client'
puma (3.12.6) lib/puma/server.rb:334:in `block in run'
puma (3.12.6) lib/puma/thread_pool.rb:135:in `block in spawn_thread'
Started GET "/" for 127.0.0.1 at 2020-11-30 16:22:20 -0800
Processing by Rails::WelcomeController#index as HTML
  Rendering /Users/camerontanjoco/.rbenv/versions/2.5.1/lib/ruby/gems/2.5.0/gems/railties-5.2.4.4/lib/rails/templates/rails/welcome/index.html.erb
  Rendered /Users/camerontanjoco/.rbenv/versions/2.5.1/lib/ruby/gems/2.5.0/gems/railties-5.2.4.4/lib/rails/templates/rails/welcome/index.html.erb (3.0ms)
Completed 200 OK in 24ms (Views: 12.9ms | ActiveRecord: 0.0ms)


Started GET "/" for 127.0.0.1 at 2020-11-30 16:29:47 -0800
Started GET "/" for ::1 at 2020-11-30 16:30:05 -0800
Processing by Rails::WelcomeController#index as HTML
  Rendering /Users/camerontanjoco/.rbenv/versions/2.5.1/lib/ruby/gems/2.5.0/gems/railties-5.2.4.4/lib/rails/templates/rails/welcome/index.html.erb
  Rendered /Users/camerontanjoco/.rbenv/versions/2.5.1/lib/ruby/gems/2.5.0/gems/railties-5.2.4.4/lib/rails/templates/rails/welcome/index.html.erb (59.7ms)
Completed 200 OK in 338ms (Views: 310.1ms | ActiveRecord: 0.0ms)


Processing by Rails::WelcomeController#index as HTML
  Rendering /Users/camerontanjoco/.rbenv/versions/2.5.1/lib/ruby/gems/2.5.0/gems/railties-5.2.4.4/lib/rails/templates/rails/welcome/index.html.erb
  Rendered /Users/camerontanjoco/.rbenv/versions/2.5.1/lib/ruby/gems/2.5.0/gems/railties-5.2.4.4/lib/rails/templates/rails/welcome/index.html.erb (0.3ms)
Completed 200 OK in 32ms (Views: 15.0ms | ActiveRecord: 0.0ms)


Started GET "/" for 127.0.0.1 at 2020-11-30 16:30:13 -0800
Processing by Rails::WelcomeController#index as HTML
  Rendering /Users/camerontanjoco/.rbenv/versions/2.5.1/lib/ruby/gems/2.5.0/gems/railties-5.2.4.4/lib/rails/templates/rails/welcome/index.html.erb
  Rendered /Users/camerontanjoco/.rbenv/versions/2.5.1/lib/ruby/gems/2.5.0/gems/railties-5.2.4.4/lib/rails/templates/rails/welcome/index.html.erb (3.7ms)
Completed 200 OK in 27ms (Views: 15.5ms | ActiveRecord: 0.0ms)


Started GET "/" for 127.0.0.1 at 2020-11-30 16:31:13 -0800
Processing by Rails::WelcomeController#index as HTML
  Rendering /Users/camerontanjoco/.rbenv/versions/2.5.1/lib/ruby/gems/2.5.0/gems/railties-5.2.4.4/lib/rails/templates/rails/welcome/index.html.erb
  Rendered /Users/camerontanjoco/.rbenv/versions/2.5.1/lib/ruby/gems/2.5.0/gems/railties-5.2.4.4/lib/rails/templates/rails/welcome/index.html.erb (30.8ms)
Completed 200 OK in 2067ms (Views: 259.1ms | ActiveRecord: 0.0ms)


Started GET "/" for ::1 at 2020-11-30 16:31:17 -0800
Processing by Rails::WelcomeController#index as HTML
  Rendering /Users/camerontanjoco/.rbenv/versions/2.5.1/lib/ruby/gems/2.5.0/gems/railties-5.2.4.4/lib/rails/templates/rails/welcome/index.html.erb
  Rendered /Users/camerontanjoco/.rbenv/versions/2.5.1/lib/ruby/gems/2.5.0/gems/railties-5.2.4.4/lib/rails/templates/rails/welcome/index.html.erb (5.2ms)
Completed 200 OK in 28ms (Views: 16.5ms | ActiveRecord: 0.0ms)


Started GET "/" for 127.0.0.1 at 2020-11-30 16:32:49 -0800

ActionController::RoutingError - uninitialized constant StaticPagesController:

Started POST "/__better_errors/f128cc86b93597e7/variables" for 127.0.0.1 at 2020-11-30 16:32:51 -0800
Started GET "/" for 127.0.0.1 at 2020-11-30 16:37:43 -0800
Processing by StaticPagesController#root as HTML
  Rendering static_pages/index.html.erb within layouts/application
  Rendered static_pages/index.html.erb within layouts/application (3.4ms)
Completed 200 OK in 9327ms (Views: 9326.0ms | ActiveRecord: 0.0ms)


Started GET "/" for 127.0.0.1 at 2020-11-30 16:38:07 -0800
Processing by StaticPagesController#root as */*
  Rendering static_pages/index.html.erb within layouts/application
  Rendered static_pages/index.html.erb within layouts/application (0.7ms)
Completed 200 OK in 139ms (Views: 139.0ms | ActiveRecord: 0.0ms)


Started GET "/" for ::1 at 2020-11-30 16:38:13 -0800
Processing by StaticPagesController#root as HTML
  Rendering static_pages/index.html.erb within layouts/application
  Rendered static_pages/index.html.erb within layouts/application (4.3ms)
Completed 200 OK in 1545ms (Views: 1542.4ms | ActiveRecord: 0.0ms)


Started GET "/api/todos" for 127.0.0.1 at 2020-11-30 16:38:26 -0800
Processing by Api::TodosController#index as JSON
  [1m[36mTodo Load (1074.7ms)[0m  [1m[34mSELECT "todos".* FROM "todos"[0m
  ↳ app/controllers/api/todos_controller.rb:9
Completed 200 OK in 2983ms (Views: 319.1ms | ActiveRecord: 2630.7ms)


Started GET "/api/todos" for ::1 at 2020-11-30 16:38:47 -0800
Processing by Api::TodosController#index as JSON
  [1m[36mTodo Load (8.1ms)[0m  [1m[34mSELECT "todos".* FROM "todos"[0m
  ↳ app/controllers/api/todos_controller.rb:9
Completed 200 OK in 37ms (Views: 24.3ms | ActiveRecord: 8.1ms)


Started GET "/api/todos" for ::1 at 2020-11-30 16:40:03 -0800
Processing by Api::TodosController#index as JSON
  [1m[36mTodo Load (1.1ms)[0m  [1m[34mSELECT "todos".* FROM "todos"[0m
  ↳ app/controllers/api/todos_controller.rb:9
Completed 200 OK in 31ms (Views: 24.8ms | ActiveRecord: 1.1ms)


Started GET "/api/todos/1" for ::1 at 2020-11-30 16:42:16 -0800
Processing by Api::TodosController#show as JSON
  Parameters: {"id"=>"1"}
  [1m[36mTodo Load (29.2ms)[0m  [1m[34mSELECT  "todos".* FROM "todos" WHERE "todos"."id" = $1 LIMIT $2[0m  [["id", 1], ["LIMIT", 1]]
  ↳ app/controllers/api/todos_controller.rb:5
Completed 200 OK in 200ms (Views: 6.4ms | ActiveRecord: 32.9ms)


Started GET "/" for 127.0.0.1 at 2020-11-30 16:49:50 -0800
Processing by StaticPagesController#root as HTML
  Rendering static_pages/index.html.erb within layouts/application
  Rendered static_pages/index.html.erb within layouts/application (5.2ms)
Completed 200 OK in 3070ms (Views: 3067.2ms | ActiveRecord: 0.0ms)


Started GET "/api/todos" for 127.0.0.1 at 2020-11-30 16:49:58 -0800
Processing by Api::TodosController#index as JSON
  [1m[36mTodo Load (22.9ms)[0m  [1m[34mSELECT "todos".* FROM "todos"[0m
  ↳ app/controllers/api/todos_controller.rb:9
Completed 200 OK in 35ms (Views: 11.5ms | ActiveRecord: 22.9ms)


Started GET "/api/todos/1" for ::1 at 2020-11-30 16:50:07 -0800
Processing by Api::TodosController#show as JSON
  Parameters: {"id"=>"1"}
  [1m[36mTodo Load (67.6ms)[0m  [1m[34mSELECT  "todos".* FROM "todos" WHERE "todos"."id" = $1 LIMIT $2[0m  [["id", 1], ["LIMIT", 1]]
  ↳ app/controllers/api/todos_controller.rb:5
Completed 200 OK in 743ms (Views: 10.6ms | ActiveRecord: 225.4ms)


Started GET "/api/todos" for ::1 at 2020-11-30 16:50:12 -0800
Processing by Api::TodosController#index as JSON
  [1m[36mTodo Load (4.0ms)[0m  [1m[34mSELECT "todos".* FROM "todos"[0m
  ↳ app/controllers/api/todos_controller.rb:9
Completed 200 OK in 39ms (Views: 34.2ms | ActiveRecord: 4.0ms)


Started GET "/" for ::1 at 2020-11-30 16:50:19 -0800
Processing by StaticPagesController#root as HTML
  Rendering static_pages/index.html.erb within layouts/application
  Rendered static_pages/index.html.erb within layouts/application (3.6ms)
Completed 200 OK in 888ms (Views: 887.0ms | ActiveRecord: 0.0ms)


Started GET "/" for 127.0.0.1 at 2020-11-30 16:58:27 -0800
Processing by StaticPagesController#root as HTML
  Rendering static_pages/index.html.erb within layouts/application
  Rendered static_pages/index.html.erb within layouts/application (1.2ms)
Completed 200 OK in 3006ms (Views: 3005.6ms | ActiveRecord: 0.0ms)


Started GET "/" for 127.0.0.1 at 2020-11-30 16:59:05 -0800
Processing by StaticPagesController#root as HTML
  Rendering static_pages/index.html.erb within layouts/application
  Rendered static_pages/index.html.erb within layouts/application (17.2ms)
Completed 200 OK in 1968ms (Views: 1964.1ms | ActiveRecord: 0.0ms)


Started GET "/api/todos" for 127.0.0.1 at 2020-11-30 16:59:09 -0800
Processing by Api::TodosController#index as JSON
  [1m[36mTodo Load (8.0ms)[0m  [1m[34mSELECT "todos".* FROM "todos"[0m
  ↳ app/controllers/api/todos_controller.rb:9
Completed 200 OK in 32ms (Views: 23.3ms | ActiveRecord: 8.0ms)


Started GET "/api/todos" for ::1 at 2020-11-30 16:59:17 -0800
Processing by Api::TodosController#index as JSON
  [1m[36mTodo Load (1.0ms)[0m  [1m[34mSELECT "todos".* FROM "todos"[0m
  ↳ app/controllers/api/todos_controller.rb:9
Completed 200 OK in 42ms (Views: 31.8ms | ActiveRecord: 1.0ms)


Started GET "/api/todos" for 127.0.0.1 at 2020-11-30 16:59:28 -0800
Processing by Api::TodosController#index as JSON
  [1m[36mTodo Load (3.5ms)[0m  [1m[34mSELECT "todos".* FROM "todos"[0m
  ↳ app/controllers/api/todos_controller.rb:9
Completed 200 OK in 68ms (Views: 61.8ms | ActiveRecord: 3.5ms)


